# JRE version: OpenJDK Runtime Environment (8.0_112-b06) (build 1.8.0_112-release-b06)
# Java VM: OpenJDK 64-Bit Server VM (25.112-b06 mixed mode windows-amd64 compressed oops)
Heap:
 PSYoungGen      total 361472K, used 80349K [0x00000000e0000000, 0x00000000f9c00000, 0x0000000100000000)
  eden space 328192K, 18% used [0x00000000e0000000,0x00000000e3bbcbd8,0x00000000f4080000)
  from space 33280K, 57% used [0x00000000f4080000,0x00000000f533ab08,0x00000000f6100000)
  to   space 32256K, 0% used [0x00000000f7c80000,0x00000000f7c80000,0x00000000f9c00000)
 ParOldGen       total 153600K, used 92413K [0x00000000a0000000, 0x00000000a9600000, 0x00000000e0000000)
  object space 153600K, 60% used [0x00000000a0000000,0x00000000a5a3f5c0,0x00000000a9600000)
 Metaspace       used 85700K, capacity 94028K, committed 94296K, reserved 1132544K
  class space    used 10816K, capacity 11792K, committed 11864K, reserved 1048576K
GC Heap History (10 events):
Event: 9653.876 GC heap before
{Heap before GC invocations=58 (full 3):
 PSYoungGen      total 296960K, used 284068K [0x00000000e0000000, 0x00000000f4780000, 0x0000000100000000)
  eden space 268800K, 100% used [0x00000000e0000000,0x00000000f0680000,0x00000000f0680000)
  from space 28160K, 54% used [0x00000000f2c00000,0x00000000f3ae90d0,0x00000000f4780000)
  to   space 33280K, 0% used [0x00000000f0680000,0x00000000f0680000,0x00000000f2700000)
 ParOldGen       total 153600K, used 90033K [0x00000000a0000000, 0x00000000a9600000, 0x00000000e0000000)
  object space 153600K, 58% used [0x00000000a0000000,0x00000000a57ec550,0x00000000a9600000)
 Metaspace       used 85447K, capacity 93594K, committed 93784K, reserved 1130496K
  class space    used 10790K, capacity 11763K, committed 11864K, reserved 1048576K
Event: 9653.925 GC heap after
Heap after GC invocations=58 (full 3):
 PSYoungGen      total 302080K, used 32289K [0x00000000e0000000, 0x00000000f7380000, 0x0000000100000000)
  eden space 268800K, 0% used [0x00000000e0000000,0x00000000e0000000,0x00000000f0680000)
  from space 33280K, 97% used [0x00000000f0680000,0x00000000f2608468,0x00000000f2700000)
  to   space 37888K, 0% used [0x00000000f4e80000,0x00000000f4e80000,0x00000000f7380000)
 ParOldGen       total 153600K, used 90521K [0x00000000a0000000, 0x00000000a9600000, 0x00000000e0000000)
  object space 153600K, 58% used [0x00000000a0000000,0x00000000a5866550,0x00000000a9600000)
 Metaspace       used 85447K, capacity 93594K, committed 93784K, reserved 1130496K
  class space    used 10790K, capacity 11763K, committed 11864K, reserved 1048576K
}
Event: 10174.219 GC heap before
{Heap before GC invocations=59 (full 3):
 PSYoungGen      total 302080K, used 301089K [0x00000000e0000000, 0x00000000f7380000, 0x0000000100000000)
  eden space 268800K, 100% used [0x00000000e0000000,0x00000000f0680000,0x00000000f0680000)
  from space 33280K, 97% used [0x00000000f0680000,0x00000000f2608468,0x00000000f2700000)
  to   space 37888K, 0% used [0x00000000f4e80000,0x00000000f4e80000,0x00000000f7380000)
 ParOldGen       total 153600K, used 90521K [0x00000000a0000000, 0x00000000a9600000, 0x00000000e0000000)
  object space 153600K, 58% used [0x00000000a0000000,0x00000000a5866550,0x00000000a9600000)
 Metaspace       used 85517K, capacity 93746K, committed 94040K, reserved 1132544K
  class space    used 10798K, capacity 11771K, committed 11864K, reserved 1048576K
Event: 10174.253 GC heap after
Heap after GC invocations=59 (full 3):
 PSYoungGen      total 330240K, used 17426K [0x00000000e0000000, 0x00000000f6b80000, 0x0000000100000000)
  eden space 300544K, 0% used [0x00000000e0000000,0x00000000e0000000,0x00000000f2580000)
  from space 29696K, 58% used [0x00000000f4e80000,0x00000000f5f84800,0x00000000f6b80000)
  to   space 35840K, 0% used [0x00000000f2580000,0x00000000f2580000,0x00000000f4880000)
 ParOldGen       total 153600K, used 90981K [0x00000000a0000000, 0x00000000a9600000, 0x00000000e0000000)
  object space 153600K, 59% used [0x00000000a0000000,0x00000000a58d9560,0x00000000a9600000)
 Metaspace       used 85517K, capacity 93746K, committed 94040K, reserved 1132544K
  class space    used 10798K, capacity 11771K, committed 11864K, reserved 1048576K
}
Event: 10177.235 GC heap before
{Heap before GC invocations=60 (full 3):
 PSYoungGen      total 330240K, used 317336K [0x00000000e0000000, 0x00000000f6b80000, 0x0000000100000000)
  eden space 300544K, 99% used [0x00000000e0000000,0x00000000f24e1b78,0x00000000f2580000)
  from space 29696K, 58% used [0x00000000f4e80000,0x00000000f5f84800,0x00000000f6b80000)
  to   space 35840K, 0% used [0x00000000f2580000,0x00000000f2580000,0x00000000f4880000)
 ParOldGen       total 153600K, used 90981K [0x00000000a0000000, 0x00000000a9600000, 0x00000000e0000000)
  object space 153600K, 59% used [0x00000000a0000000,0x00000000a58d9560,0x00000000a9600000)
 Metaspace       used 85549K, capacity 93758K, committed 94040K, reserved 1132544K
  class space    used 10798K, capacity 11771K, committed 11864K, reserved 1048576K
Event: 10177.266 GC heap after
Heap after GC invocations=60 (full 3):
 PSYoungGen      total 336384K, used 18745K [0x00000000e0000000, 0x00000000f8880000, 0x0000000100000000)
  eden space 300544K, 0% used [0x00000000e0000000,0x00000000e0000000,0x00000000f2580000)
  from space 35840K, 52% used [0x00000000f2580000,0x00000000f37ce778,0x00000000f4880000)
  to   space 34816K, 0% used [0x00000000f6680000,0x00000000f6680000,0x00000000f8880000)
 ParOldGen       total 153600K, used 92405K [0x00000000a0000000, 0x00000000a9600000, 0x00000000e0000000)
  object space 153600K, 60% used [0x00000000a0000000,0x00000000a5a3d5c0,0x00000000a9600000)
 Metaspace       used 85549K, capacity 93758K, committed 94040K, reserved 1132544K
  class space    used 10798K, capacity 11771K, committed 11864K, reserved 1048576K
}
Event: 10208.458 GC heap before
{Heap before GC invocations=61 (full 3):
 PSYoungGen      total 336384K, used 318781K [0x00000000e0000000, 0x00000000f8880000, 0x0000000100000000)
  eden space 300544K, 99% used [0x00000000e0000000,0x00000000f2500e60,0x00000000f2580000)
  from space 35840K, 52% used [0x00000000f2580000,0x00000000f37ce778,0x00000000f4880000)
  to   space 34816K, 0% used [0x00000000f6680000,0x00000000f6680000,0x00000000f8880000)
 ParOldGen       total 153600K, used 92405K [0x00000000a0000000, 0x00000000a9600000, 0x00000000e0000000)
  object space 153600K, 60% used [0x00000000a0000000,0x00000000a5a3d5c0,0x00000000a9600000)
 Metaspace       used 85638K, capacity 93876K, committed 94040K, reserved 1132544K
  class space    used 10809K, capacity 11784K, committed 11864K, reserved 1048576K
Event: 10208.521 GC heap after
Heap after GC invocations=61 (full 3):
 PSYoungGen      total 355840K, used 18066K [0x00000000e0000000, 0x00000000f8180000, 0x0000000100000000)
  eden space 328192K, 0% used [0x00000000e0000000,0x00000000e0000000,0x00000000f4080000)
  from space 27648K, 65% used [0x00000000f6680000,0x00000000f7824910,0x00000000f8180000)
  to   space 33280K, 0% used [0x00000000f4080000,0x00000000f4080000,0x00000000f6100000)
 ParOldGen       total 153600K, used 92413K [0x00000000a0000000, 0x00000000a9600000, 0x00000000e0000000)
  object space 153600K, 60% used [0x00000000a0000000,0x00000000a5a3f5c0,0x00000000a9600000)
 Metaspace       used 85638K, capacity 93876K, committed 94040K, reserved 1132544K
  class space    used 10809K, capacity 11784K, committed 11864K, reserved 1048576K
}
Event: 10212.371 GC heap before
{Heap before GC invocations=62 (full 3):
 PSYoungGen      total 355840K, used 345832K [0x00000000e0000000, 0x00000000f8180000, 0x0000000100000000)
  eden space 328192K, 99% used [0x00000000e0000000,0x00000000f4015700,0x00000000f4080000)
  from space 27648K, 65% used [0x00000000f6680000,0x00000000f7824910,0x00000000f8180000)
  to   space 33280K, 0% used [0x00000000f4080000,0x00000000f4080000,0x00000000f6100000)
 ParOldGen       total 153600K, used 92413K [0x00000000a0000000, 0x00000000a9600000, 0x00000000e0000000)
  object space 153600K, 60% used [0x00000000a0000000,0x00000000a5a3f5c0,0x00000000a9600000)
 Metaspace       used 85660K, capacity 93940K, committed 94040K, reserved 1132544K
  class space    used 10809K, capacity 11784K, committed 11864K, reserved 1048576K
Event: 10212.410 GC heap after
Heap after GC invocations=62 (full 3):
 PSYoungGen      total 361472K, used 19178K [0x00000000e0000000, 0x00000000f9c00000, 0x0000000100000000)
  eden space 328192K, 0% used [0x00000000e0000000,0x00000000e0000000,0x00000000f4080000)
  from space 33280K, 57% used [0x00000000f4080000,0x00000000f533ab08,0x00000000f6100000)
  to   space 32256K, 0% used [0x00000000f7c80000,0x00000000f7c80000,0x00000000f9c00000)
 ParOldGen       total 153600K, used 92413K [0x00000000a0000000, 0x00000000a9600000, 0x00000000e0000000)
  object space 153600K, 60% used [0x00000000a0000000,0x00000000a5a3f5c0,0x00000000a9600000)
 Metaspace       used 85660K, capacity 93940K, committed 94040K, reserved 1132544K
  class space    used 10809K, capacity 11784K, committed 11864K, reserved 1048576K
}

